<?xml version="1.0" encoding="UTF-8"?>
<testng-results skipped="0" failed="0" ignored="0" total="1" passed="1">
  <reporter-output>
  </reporter-output>
  <suite name="Default suite" duration-ms="6137" started-at="2019-08-24T07:01:39Z" finished-at="2019-08-24T07:01:45Z">
    <groups>
    </groups>
    <test name="Default test" duration-ms="6137" started-at="2019-08-24T07:01:39Z" finished-at="2019-08-24T07:01:45Z">
      <class name="training.api.automation.POSTIncident">
        <test-method status="PASS" signature="createIncident()[pri:0, instance:training.api.automation.POSTIncident@2a3194c6]" name="createIncident" duration-ms="6046" started-at="2019-08-24T07:01:39Z" finished-at="2019-08-24T07:01:45Z">
          <reporter-output>
          </reporter-output>
        </test-method> <!-- createIncident -->
      </class> <!-- training.api.automation.POSTIncident -->
    </test> <!-- Default test -->
  </suite> <!-- Default suite -->
</testng-results>
